<?xml version="1.0" encoding="UTF-8"?>
<coverage generated="1545229409939" clover="3.2.0">
  <project timestamp="1545229409939" name="All files">
    <metrics statements="70" coveredstatements="62" conditionals="20" coveredconditionals="14" methods="21" coveredmethods="19" elements="111" coveredelements="95" complexity="0" loc="70" ncloc="70" packages="4" files="5" classes="5">
      <package name="veb 7">
        <metrics statements="11" coveredstatements="8" conditionals="2" coveredconditionals="2" methods="2" coveredmethods="0"/>
        <file name="server.js" path="C:\Users\sergi\Desktop\veb 7\server.js">
          <metrics statements="11" coveredstatements="8" conditionals="2" coveredconditionals="2" methods="2" coveredmethods="0"/>
          <line num="1" count="1" type="stmt"/>
          <line num="2" count="1" type="stmt"/>
          <line num="4" count="1" type="stmt"/>
          <line num="5" count="1" type="stmt"/>
          <line num="7" count="1" type="cond" truecount="2" falsecount="0"/>
          <line num="9" count="1" type="stmt"/>
          <line num="11" count="1" type="stmt"/>
          <line num="12" count="0" type="stmt"/>
          <line num="13" count="0" type="stmt"/>
          <line num="14" count="0" type="stmt"/>
          <line num="18" count="1" type="stmt"/>
        </file>
      </package>
      <package name="veb 7.controllers">
        <metrics statements="33" coveredstatements="29" conditionals="8" coveredconditionals="4" methods="9" coveredmethods="9"/>
        <file name="controllers.js" path="C:\Users\sergi\Desktop\veb 7\controllers\controllers.js">
          <metrics statements="26" coveredstatements="22" conditionals="8" coveredconditionals="4" methods="9" coveredmethods="9"/>
          <line num="1" count="2" type="stmt"/>
          <line num="2" count="2" type="stmt"/>
          <line num="3" count="2" type="stmt"/>
          <line num="5" count="2" type="stmt"/>
          <line num="6" count="1" type="stmt"/>
          <line num="9" count="2" type="stmt"/>
          <line num="10" count="1" type="stmt"/>
          <line num="11" count="1" type="cond" truecount="1" falsecount="1"/>
          <line num="12" count="0" type="stmt"/>
          <line num="17" count="1" type="stmt"/>
          <line num="23" count="2" type="stmt"/>
          <line num="24" count="2" type="stmt"/>
          <line num="25" count="2" type="cond" truecount="1" falsecount="1"/>
          <line num="26" count="0" type="stmt"/>
          <line num="31" count="2" type="stmt"/>
          <line num="37" count="2" type="stmt"/>
          <line num="38" count="2" type="stmt"/>
          <line num="40" count="2" type="cond" truecount="1" falsecount="1"/>
          <line num="41" count="0" type="stmt"/>
          <line num="46" count="2" type="stmt"/>
          <line num="52" count="2" type="stmt"/>
          <line num="54" count="2" type="stmt"/>
          <line num="55" count="2" type="cond" truecount="1" falsecount="1"/>
          <line num="56" count="0" type="stmt"/>
          <line num="61" count="2" type="stmt"/>
          <line num="66" count="2" type="stmt"/>
        </file>
        <file name="schema.js" path="C:\Users\sergi\Desktop\veb 7\controllers\schema.js">
          <metrics statements="7" coveredstatements="7" conditionals="0" coveredconditionals="0" methods="0" coveredmethods="0"/>
          <line num="1" count="2" type="stmt"/>
          <line num="2" count="2" type="stmt"/>
          <line num="4" count="2" type="stmt"/>
          <line num="8" count="2" type="stmt"/>
          <line num="13" count="2" type="stmt"/>
          <line num="17" count="2" type="stmt"/>
          <line num="22" count="2" type="stmt"/>
        </file>
      </package>
      <package name="veb 7.routes">
        <metrics statements="9" coveredstatements="9" conditionals="0" coveredconditionals="0" methods="0" coveredmethods="0"/>
        <file name="index.js" path="C:\Users\sergi\Desktop\veb 7\routes\index.js">
          <metrics statements="9" coveredstatements="9" conditionals="0" coveredconditionals="0" methods="0" coveredmethods="0"/>
          <line num="1" count="1" type="stmt"/>
          <line num="2" count="1" type="stmt"/>
          <line num="4" count="1" type="stmt"/>
          <line num="6" count="1" type="stmt"/>
          <line num="7" count="1" type="stmt"/>
          <line num="8" count="1" type="stmt"/>
          <line num="9" count="1" type="stmt"/>
          <line num="10" count="1" type="stmt"/>
          <line num="12" count="1" type="stmt"/>
        </file>
      </package>
      <package name="veb 7.services">
        <metrics statements="17" coveredstatements="16" conditionals="10" coveredconditionals="8" methods="10" coveredmethods="10"/>
        <file name="services.js" path="C:\Users\sergi\Desktop\veb 7\services\services.js">
          <metrics statements="17" coveredstatements="16" conditionals="10" coveredconditionals="8" methods="10" coveredmethods="10"/>
          <line num="1" count="3" type="stmt"/>
          <line num="3" count="3" type="stmt"/>
          <line num="4" count="43" type="stmt"/>
          <line num="8" count="3" type="stmt"/>
          <line num="12" count="172" type="stmt"/>
          <line num="16" count="4" type="stmt"/>
          <line num="20" count="6" type="cond" truecount="2" falsecount="0"/>
          <line num="21" count="5" type="stmt"/>
          <line num="22" count="921" type="stmt"/>
          <line num="24" count="1" type="cond" truecount="1" falsecount="1"/>
          <line num="25" count="1" type="stmt"/>
          <line num="26" count="228" type="cond" truecount="2" falsecount="0"/>
          <line num="27" count="169" type="cond" truecount="1" falsecount="1"/>
          <line num="28" count="0" type="stmt"/>
          <line num="31" count="6" type="cond" truecount="2" falsecount="0"/>
          <line num="32" count="6" type="stmt"/>
          <line num="35" count="3" type="stmt"/>
        </file>
      </package>
    </metrics>
  </project>
</coverage>
