{"C:\\Users\\sergi\\Desktop\\veb 7\\server.js": {"path":"C:\\Users\\sergi\\Desktop\\veb 7\\server.js","statementMap":{"0":{"start":{"line":1,"column":16},"end":{"line":1,"column":34}},"1":{"start":{"line":2,"column":15},"end":{"line":2,"column":40}},"2":{"start":{"line":4,"column":11},"end":{"line":4,"column":20}},"3":{"start":{"line":5,"column":0},"end":{"line":5,"column":15}},"4":{"start":{"line":7,"column":11},"end":{"line":7,"column":35}},"5":{"start":{"line":9,"column":15},"end":{"line":9,"column":54}},"6":{"start":{"line":11,"column":0},"end":{"line":16,"column":2}},"7":{"start":{"line":12,"column":2},"end":{"line":12,"column":25}},"8":{"start":{"line":13,"column":2},"end":{"line":15,"column":4}},"9":{"start":{"line":14,"column":4},"end":{"line":14,"column":25}},"10":{"start":{"line":18,"column":0},"end":{"line":18,"column":24}}},"fnMap":{"0":{"name":"(anonymous_0)","decl":{"start":{"line":11,"column":21},"end":{"line":11,"column":22}},"loc":{"start":{"line":11,"column":27},"end":{"line":16,"column":1}},"line":11},"1":{"name":"(anonymous_1)","decl":{"start":{"line":13,"column":15},"end":{"line":13,"column":16}},"loc":{"start":{"line":13,"column":21},"end":{"line":15,"column":3}},"line":13}},"branchMap":{"0":{"loc":{"start":{"line":7,"column":11},"end":{"line":7,"column":35}},"type":"binary-expr","locations":[{"start":{"line":7,"column":11},"end":{"line":7,"column":27}},{"start":{"line":7,"column":31},"end":{"line":7,"column":35}}],"line":7}},"s":{"0":1,"1":1,"2":1,"3":1,"4":1,"5":1,"6":1,"7":0,"8":0,"9":0,"10":1},"f":{"0":0,"1":0},"b":{"0":[1,1]},"_coverageSchema":"332fd63041d2c1bcb487cc26dd0d5f7d97098a6c","hash":"72dc00182ea63551bd88240e41102a093f5dbac8"}
,"C:\\Users\\sergi\\Desktop\\veb 7\\controllers\\controllers.js": {"path":"C:\\Users\\sergi\\Desktop\\veb 7\\controllers\\controllers.js","statementMap":{"0":{"start":{"line":1,"column":10},"end":{"line":1,"column":24}},"1":{"start":{"line":2,"column":17},"end":{"line":2,"column":48}},"2":{"start":{"line":3,"column":16},"end":{"line":3,"column":35}},"3":{"start":{"line":5,"column":10},"end":{"line":7,"column":1}},"4":{"start":{"line":6,"column":4},"end":{"line":6,"column":37}},"5":{"start":{"line":9,"column":9},"end":{"line":21,"column":1}},"6":{"start":{"line":10,"column":4},"end":{"line":20,"column":6}},"7":{"start":{"line":11,"column":8},"end":{"line":18,"column":9}},"8":{"start":{"line":12,"column":12},"end":{"line":15,"column":14}},"9":{"start":{"line":17,"column":12},"end":{"line":17,"column":49}},"10":{"start":{"line":23,"column":13},"end":{"line":35,"column":1}},"11":{"start":{"line":24,"column":4},"end":{"line":34,"column":6}},"12":{"start":{"line":25,"column":8},"end":{"line":32,"column":9}},"13":{"start":{"line":26,"column":12},"end":{"line":29,"column":14}},"14":{"start":{"line":31,"column":12},"end":{"line":31,"column":53}},"15":{"start":{"line":37,"column":17},"end":{"line":50,"column":1}},"16":{"start":{"line":38,"column":4},"end":{"line":49,"column":6}},"17":{"start":{"line":40,"column":8},"end":{"line":47,"column":9}},"18":{"start":{"line":41,"column":12},"end":{"line":44,"column":14}},"19":{"start":{"line":46,"column":12},"end":{"line":46,"column":68}},"20":{"start":{"line":52,"column":11},"end":{"line":65,"column":1}},"21":{"start":{"line":54,"column":4},"end":{"line":64,"column":6}},"22":{"start":{"line":55,"column":8},"end":{"line":62,"column":9}},"23":{"start":{"line":56,"column":12},"end":{"line":59,"column":14}},"24":{"start":{"line":61,"column":12},"end":{"line":61,"column":60}},"25":{"start":{"line":66,"column":0},"end":{"line":72,"column":1}}},"fnMap":{"0":{"name":"(anonymous_0)","decl":{"start":{"line":5,"column":10},"end":{"line":5,"column":11}},"loc":{"start":{"line":5,"column":22},"end":{"line":7,"column":1}},"line":5},"1":{"name":"(anonymous_1)","decl":{"start":{"line":9,"column":9},"end":{"line":9,"column":10}},"loc":{"start":{"line":9,"column":21},"end":{"line":21,"column":1}},"line":9},"2":{"name":"(anonymous_2)","decl":{"start":{"line":10,"column":44},"end":{"line":10,"column":45}},"loc":{"start":{"line":10,"column":57},"end":{"line":20,"column":5}},"line":10},"3":{"name":"(anonymous_3)","decl":{"start":{"line":23,"column":13},"end":{"line":23,"column":14}},"loc":{"start":{"line":23,"column":25},"end":{"line":35,"column":1}},"line":23},"4":{"name":"(anonymous_4)","decl":{"start":{"line":24,"column":46},"end":{"line":24,"column":47}},"loc":{"start":{"line":24,"column":59},"end":{"line":34,"column":5}},"line":24},"5":{"name":"(anonymous_5)","decl":{"start":{"line":37,"column":17},"end":{"line":37,"column":18}},"loc":{"start":{"line":37,"column":29},"end":{"line":50,"column":1}},"line":37},"6":{"name":"(anonymous_6)","decl":{"start":{"line":38,"column":52},"end":{"line":38,"column":53}},"loc":{"start":{"line":38,"column":65},"end":{"line":49,"column":5}},"line":38},"7":{"name":"(anonymous_7)","decl":{"start":{"line":52,"column":11},"end":{"line":52,"column":12}},"loc":{"start":{"line":52,"column":23},"end":{"line":65,"column":1}},"line":52},"8":{"name":"(anonymous_8)","decl":{"start":{"line":54,"column":46},"end":{"line":54,"column":47}},"loc":{"start":{"line":54,"column":59},"end":{"line":64,"column":5}},"line":54}},"branchMap":{"0":{"loc":{"start":{"line":11,"column":8},"end":{"line":18,"column":9}},"type":"if","locations":[{"start":{"line":11,"column":8},"end":{"line":18,"column":9}},{"start":{"line":11,"column":8},"end":{"line":18,"column":9}}],"line":11},"1":{"loc":{"start":{"line":25,"column":8},"end":{"line":32,"column":9}},"type":"if","locations":[{"start":{"line":25,"column":8},"end":{"line":32,"column":9}},{"start":{"line":25,"column":8},"end":{"line":32,"column":9}}],"line":25},"2":{"loc":{"start":{"line":40,"column":8},"end":{"line":47,"column":9}},"type":"if","locations":[{"start":{"line":40,"column":8},"end":{"line":47,"column":9}},{"start":{"line":40,"column":8},"end":{"line":47,"column":9}}],"line":40},"3":{"loc":{"start":{"line":55,"column":8},"end":{"line":62,"column":9}},"type":"if","locations":[{"start":{"line":55,"column":8},"end":{"line":62,"column":9}},{"start":{"line":55,"column":8},"end":{"line":62,"column":9}}],"line":55}},"s":{"0":2,"1":2,"2":2,"3":2,"4":1,"5":2,"6":1,"7":1,"8":0,"9":1,"10":2,"11":2,"12":2,"13":0,"14":2,"15":2,"16":2,"17":2,"18":0,"19":2,"20":2,"21":2,"22":2,"23":0,"24":2,"25":2},"f":{"0":1,"1":1,"2":1,"3":2,"4":2,"5":2,"6":2,"7":2,"8":2},"b":{"0":[0,1],"1":[0,2],"2":[0,2],"3":[0,2]},"_coverageSchema":"332fd63041d2c1bcb487cc26dd0d5f7d97098a6c","hash":"c67241e18de7eafa77a029199dfb1bdcbe648bdb"}
,"C:\\Users\\sergi\\Desktop\\veb 7\\controllers\\schema.js": {"path":"C:\\Users\\sergi\\Desktop\\veb 7\\controllers\\schema.js","statementMap":{"0":{"start":{"line":1,"column":10},"end":{"line":1,"column":24}},"1":{"start":{"line":2,"column":15},"end":{"line":2,"column":44}},"2":{"start":{"line":4,"column":15},"end":{"line":6,"column":2}},"3":{"start":{"line":8,"column":23},"end":{"line":11,"column":2}},"4":{"start":{"line":13,"column":17},"end":{"line":15,"column":2}},"5":{"start":{"line":17,"column":17},"end":{"line":20,"column":2}},"6":{"start":{"line":22,"column":0},"end":{"line":27,"column":1}}},"fnMap":{},"branchMap":{},"s":{"0":2,"1":2,"2":2,"3":2,"4":2,"5":2,"6":2},"f":{},"b":{},"_coverageSchema":"332fd63041d2c1bcb487cc26dd0d5f7d97098a6c","hash":"c2a08af6a0cc7e34cb1f4f80f8393d796c5f2f66"}
,"C:\\Users\\sergi\\Desktop\\veb 7\\routes\\index.js": {"path":"C:\\Users\\sergi\\Desktop\\veb 7\\routes\\index.js","statementMap":{"0":{"start":{"line":1,"column":20},"end":{"line":1,"column":57}},"1":{"start":{"line":2,"column":16},"end":{"line":2,"column":34}},"2":{"start":{"line":4,"column":15},"end":{"line":4,"column":31}},"3":{"start":{"line":6,"column":0},"end":{"line":6,"column":38}},"4":{"start":{"line":7,"column":0},"end":{"line":7,"column":41}},"5":{"start":{"line":8,"column":0},"end":{"line":8,"column":37}},"6":{"start":{"line":9,"column":0},"end":{"line":9,"column":43}},"7":{"start":{"line":10,"column":0},"end":{"line":10,"column":33}},"8":{"start":{"line":12,"column":0},"end":{"line":12,"column":24}}},"fnMap":{},"branchMap":{},"s":{"0":1,"1":1,"2":1,"3":1,"4":1,"5":1,"6":1,"7":1,"8":1},"f":{},"b":{},"_coverageSchema":"332fd63041d2c1bcb487cc26dd0d5f7d97098a6c","hash":"d53cfd36b95490a0c8bfc0162c9b78c95ffe6954"}
,"C:\\Users\\sergi\\Desktop\\veb 7\\services\\services.js": {"path":"C:\\Users\\sergi\\Desktop\\veb 7\\services\\services.js","statementMap":{"0":{"start":{"line":1,"column":15},"end":{"line":1,"column":34}},"1":{"start":{"line":3,"column":21},"end":{"line":5,"column":1}},"2":{"start":{"line":4,"column":4},"end":{"line":4,"column":42}},"3":{"start":{"line":4,"column":30},"end":{"line":4,"column":40}},"4":{"start":{"line":8,"column":4},"end":{"line":8,"column":46}},"5":{"start":{"line":8,"column":30},"end":{"line":8,"column":44}},"6":{"start":{"line":12,"column":4},"end":{"line":12,"column":89}},"7":{"start":{"line":12,"column":33},"end":{"line":12,"column":84}},"8":{"start":{"line":16,"column":4},"end":{"line":16,"column":69}},"9":{"start":{"line":20,"column":11},"end":{"line":30,"column":11}},"10":{"start":{"line":21,"column":15},"end":{"line":23,"column":18}},"11":{"start":{"line":22,"column":19},"end":{"line":22,"column":42}},"12":{"start":{"line":24,"column":17},"end":{"line":30,"column":11}},"13":{"start":{"line":25,"column":14},"end":{"line":29,"column":17}},"14":{"start":{"line":26,"column":18},"end":{"line":28,"column":32}},"15":{"start":{"line":26,"column":41},"end":{"line":26,"column":51}},"16":{"start":{"line":27,"column":23},"end":{"line":28,"column":32}},"17":{"start":{"line":27,"column":47},"end":{"line":27,"column":56}},"18":{"start":{"line":28,"column":23},"end":{"line":28,"column":32}},"19":{"start":{"line":31,"column":8},"end":{"line":31,"column":42}},"20":{"start":{"line":31,"column":25},"end":{"line":31,"column":42}},"21":{"start":{"line":32,"column":4},"end":{"line":32,"column":18}},"22":{"start":{"line":35,"column":0},"end":{"line":41,"column":2}}},"fnMap":{"0":{"name":"(anonymous_0)","decl":{"start":{"line":3,"column":21},"end":{"line":3,"column":22}},"loc":{"start":{"line":3,"column":27},"end":{"line":5,"column":1}},"line":3},"1":{"name":"(anonymous_1)","decl":{"start":{"line":4,"column":22},"end":{"line":4,"column":23}},"loc":{"start":{"line":4,"column":30},"end":{"line":4,"column":40}},"line":4},"2":{"name":"getById","decl":{"start":{"line":7,"column":9},"end":{"line":7,"column":16}},"loc":{"start":{"line":7,"column":20},"end":{"line":9,"column":1}},"line":7},"3":{"name":"(anonymous_3)","decl":{"start":{"line":8,"column":23},"end":{"line":8,"column":24}},"loc":{"start":{"line":8,"column":30},"end":{"line":8,"column":44}},"line":8},"4":{"name":"getByName","decl":{"start":{"line":11,"column":9},"end":{"line":11,"column":18}},"loc":{"start":{"line":11,"column":24},"end":{"line":13,"column":1}},"line":11},"5":{"name":"(anonymous_5)","decl":{"start":{"line":12,"column":25},"end":{"line":12,"column":26}},"loc":{"start":{"line":12,"column":33},"end":{"line":12,"column":84}},"line":12},"6":{"name":"pagination","decl":{"start":{"line":15,"column":9},"end":{"line":15,"column":19}},"loc":{"start":{"line":15,"column":33},"end":{"line":17,"column":1}},"line":15},"7":{"name":"sort","decl":{"start":{"line":19,"column":9},"end":{"line":19,"column":13}},"loc":{"start":{"line":19,"column":23},"end":{"line":33,"column":1}},"line":19},"8":{"name":"(anonymous_8)","decl":{"start":{"line":21,"column":27},"end":{"line":21,"column":28}},"loc":{"start":{"line":21,"column":37},"end":{"line":23,"column":16}},"line":21},"9":{"name":"(anonymous_9)","decl":{"start":{"line":25,"column":26},"end":{"line":25,"column":27}},"loc":{"start":{"line":25,"column":36},"end":{"line":29,"column":15}},"line":25}},"branchMap":{"0":{"loc":{"start":{"line":20,"column":11},"end":{"line":30,"column":11}},"type":"if","locations":[{"start":{"line":20,"column":11},"end":{"line":30,"column":11}},{"start":{"line":20,"column":11},"end":{"line":30,"column":11}}],"line":20},"1":{"loc":{"start":{"line":24,"column":17},"end":{"line":30,"column":11}},"type":"if","locations":[{"start":{"line":24,"column":17},"end":{"line":30,"column":11}},{"start":{"line":24,"column":17},"end":{"line":30,"column":11}}],"line":24},"2":{"loc":{"start":{"line":26,"column":18},"end":{"line":28,"column":32}},"type":"if","locations":[{"start":{"line":26,"column":18},"end":{"line":28,"column":32}},{"start":{"line":26,"column":18},"end":{"line":28,"column":32}}],"line":26},"3":{"loc":{"start":{"line":27,"column":23},"end":{"line":28,"column":32}},"type":"if","locations":[{"start":{"line":27,"column":23},"end":{"line":28,"column":32}},{"start":{"line":27,"column":23},"end":{"line":28,"column":32}}],"line":27},"4":{"loc":{"start":{"line":31,"column":8},"end":{"line":31,"column":42}},"type":"if","locations":[{"start":{"line":31,"column":8},"end":{"line":31,"column":42}},{"start":{"line":31,"column":8},"end":{"line":31,"column":42}}],"line":31}},"s":{"0":3,"1":3,"2":1,"3":43,"4":3,"5":3,"6":4,"7":172,"8":4,"9":6,"10":5,"11":921,"12":1,"13":1,"14":228,"15":59,"16":169,"17":169,"18":0,"19":6,"20":1,"21":6,"22":3},"f":{"0":1,"1":43,"2":3,"3":3,"4":4,"5":172,"6":4,"7":6,"8":921,"9":228},"b":{"0":[5,1],"1":[1,0],"2":[59,169],"3":[169,0],"4":[1,5]},"_coverageSchema":"332fd63041d2c1bcb487cc26dd0d5f7d97098a6c","hash":"51077072a8a9ca758cd18a70ff9c12af9fe4178e"}
}
