TN:
SF:C:\Users\sergi\Desktop\veb 7\server.js
FN:11,(anonymous_0)
FN:13,(anonymous_1)
FNF:2
FNH:0
FNDA:0,(anonymous_0)
FNDA:0,(anonymous_1)
DA:1,1
DA:2,1
DA:4,1
DA:5,1
DA:7,1
DA:9,1
DA:11,1
DA:12,0
DA:13,0
DA:14,0
DA:18,1
LF:11
LH:8
BRDA:7,0,0,1
BRDA:7,0,1,1
BRF:2
BRH:2
end_of_record
TN:
SF:C:\Users\sergi\Desktop\veb 7\controllers\controllers.js
FN:5,(anonymous_0)
FN:9,(anonymous_1)
FN:10,(anonymous_2)
FN:23,(anonymous_3)
FN:24,(anonymous_4)
FN:37,(anonymous_5)
FN:38,(anonymous_6)
FN:52,(anonymous_7)
FN:54,(anonymous_8)
FNF:9
FNH:9
FNDA:1,(anonymous_0)
FNDA:1,(anonymous_1)
FNDA:1,(anonymous_2)
FNDA:2,(anonymous_3)
FNDA:2,(anonymous_4)
FNDA:2,(anonymous_5)
FNDA:2,(anonymous_6)
FNDA:2,(anonymous_7)
FNDA:2,(anonymous_8)
DA:1,2
DA:2,2
DA:3,2
DA:5,2
DA:6,1
DA:9,2
DA:10,1
DA:11,1
DA:12,0
DA:17,1
DA:23,2
DA:24,2
DA:25,2
DA:26,0
DA:31,2
DA:37,2
DA:38,2
DA:40,2
DA:41,0
DA:46,2
DA:52,2
DA:54,2
DA:55,2
DA:56,0
DA:61,2
DA:66,2
LF:26
LH:22
BRDA:11,0,0,0
BRDA:11,0,1,1
BRDA:25,1,0,0
BRDA:25,1,1,2
BRDA:40,2,0,0
BRDA:40,2,1,2
BRDA:55,3,0,0
BRDA:55,3,1,2
BRF:8
BRH:4
end_of_record
TN:
SF:C:\Users\sergi\Desktop\veb 7\controllers\schema.js
FNF:0
FNH:0
DA:1,2
DA:2,2
DA:4,2
DA:8,2
DA:13,2
DA:17,2
DA:22,2
LF:7
LH:7
BRF:0
BRH:0
end_of_record
TN:
SF:C:\Users\sergi\Desktop\veb 7\routes\index.js
FNF:0
FNH:0
DA:1,1
DA:2,1
DA:4,1
DA:6,1
DA:7,1
DA:8,1
DA:9,1
DA:10,1
DA:12,1
LF:9
LH:9
BRF:0
BRH:0
end_of_record
TN:
SF:C:\Users\sergi\Desktop\veb 7\services\services.js
FN:3,(anonymous_0)
FN:4,(anonymous_1)
FN:7,getById
FN:8,(anonymous_3)
FN:11,getByName
FN:12,(anonymous_5)
FN:15,pagination
FN:19,sort
FN:21,(anonymous_8)
FN:25,(anonymous_9)
FNF:10
FNH:10
FNDA:1,(anonymous_0)
FNDA:43,(anonymous_1)
FNDA:3,getById
FNDA:3,(anonymous_3)
FNDA:4,getByName
FNDA:172,(anonymous_5)
FNDA:4,pagination
FNDA:6,sort
FNDA:921,(anonymous_8)
FNDA:228,(anonymous_9)
DA:1,3
DA:3,3
DA:4,43
DA:8,3
DA:12,172
DA:16,4
DA:20,6
DA:21,5
DA:22,921
DA:24,1
DA:25,1
DA:26,228
DA:27,169
DA:28,0
DA:31,6
DA:32,6
DA:35,3
LF:17
LH:16
BRDA:20,0,0,5
BRDA:20,0,1,1
BRDA:24,1,0,1
BRDA:24,1,1,0
BRDA:26,2,0,59
BRDA:26,2,1,169
BRDA:27,3,0,169
BRDA:27,3,1,0
BRDA:31,4,0,1
BRDA:31,4,1,5
BRF:10
BRH:8
end_of_record
